<?xml version="1.1" encoding="utf-8" standalone="yes" ?>
<Events><Event xmlns="http://schemas.microsoft.com/win/2004/08/events/event"><System><Provider Name="Microsoft-Windows-Eventlog" Guid="{fc65ddd8-d6ef-4962-83d5-6e5cfe9ce148}"></Provider>
<EventID Qualifiers="">1102</EventID>
<Version>0</Version>
<Level>4</Level>
<Task>104</Task>
<Opcode>0</Opcode>
<Keywords>0x4020000000000000</Keywords>
<TimeCreated SystemTime="2023-01-03 11:11:45.670914"></TimeCreated>
<EventRecordID>301213</EventRecordID>
<Correlation ActivityID="" RelatedActivityID=""></Correlation>
<Execution ProcessID="1924" ThreadID="11132"></Execution>
<Channel>Security</Channel>
<Computer>DESKTOP-N69PNEU</Computer>
<Security UserID=""></Security>
</System>
<UserData><LogFileCleared xmlns="http://manifests.microsoft.com/win/2004/08/windows/eventlog"><SubjectUserSid>S-1-5-21-1295019123-3238983669-1719016479-1002</SubjectUserSid>
<SubjectUserName>ezych</SubjectUserName>
<SubjectDomainName>DESKTOP-N69PNEU</SubjectDomainName>
<SubjectLogonId>0x0000000007c7f581</SubjectLogonId>
</LogFileCleared>
</UserData>
</Event>
<Event xmlns="http://schemas.microsoft.com/win/2004/08/events/event"><System><Provider Name="Microsoft-Windows-Security-Auditing" Guid="{54849625-5478-4994-a5ba-3e3b0328c30d}"></Provider>
<EventID Qualifiers="">4797</EventID>
<Version>0</Version>
<Level>0</Level>
<Task>13824</Task>
<Opcode>0</Opcode>
<Keywords>0x8020000000000000</Keywords>
<TimeCreated SystemTime="2023-01-03 11:11:51.284454"></TimeCreated>
<EventRecordID>301214</EventRecordID>
<Correlation ActivityID="{deb1f6ff-0fea-0001-a6f7-b1deea0fd901}" RelatedActivityID=""></Correlation>
<Execution ProcessID="1088" ThreadID="4732"></Execution>
<Channel>Security</Channel>
<Computer>DESKTOP-N69PNEU</Computer>
<Security UserID=""></Security>
</System>
<EventData><Data Name="SubjectUserSid">S-1-5-21-1295019123-3238983669-1719016479-1002</Data>
<Data Name="SubjectUserName">ezych</Data>
<Data Name="SubjectDomainName">DESKTOP-N69PNEU</Data>
<Data Name="SubjectLogonId">0x0000000007c83976</Data>
<Data Name="Workstation">DESKTOP-N69PNEU</Data>
<Data Name="TargetUserName">Administrator</Data>
<Data Name="TargetDomainName">DESKTOP-N69PNEU</Data>
</EventData>
</Event>
<Event xmlns="http://schemas.microsoft.com/win/2004/08/events/event"><System><Provider Name="Microsoft-Windows-Security-Auditing" Guid="{54849625-5478-4994-a5ba-3e3b0328c30d}"></Provider>
<EventID Qualifiers="">4797</EventID>
<Version>0</Version>
<Level>0</Level>
<Task>13824</Task>
<Opcode>0</Opcode>
<Keywords>0x8020000000000000</Keywords>
<TimeCreated SystemTime="2023-01-03 11:11:51.288677"></TimeCreated>
<EventRecordID>301215</EventRecordID>
<Correlation ActivityID="{deb1f6ff-0fea-0001-a6f7-b1deea0fd901}" RelatedActivityID=""></Correlation>
<Execution ProcessID="1088" ThreadID="4732"></Execution>
<Channel>Security</Channel>
<Computer>DESKTOP-N69PNEU</Computer>
<Security UserID=""></Security>
</System>
<EventData><Data Name="SubjectUserSid">S-1-5-21-1295019123-3238983669-1719016479-1002</Data>
<Data Name="SubjectUserName">ezych</Data>
<Data Name="SubjectDomainName">DESKTOP-N69PNEU</Data>
<Data Name="SubjectLogonId">0x0000000007c83976</Data>
<Data Name="Workstation">DESKTOP-N69PNEU</Data>
<Data Name="TargetUserName">Go&#347;&#263;</Data>
<Data Name="TargetDomainName">DESKTOP-N69PNEU</Data>
</EventData>
</Event>
<Event xmlns="http://schemas.microsoft.com/win/2004/08/events/event"><System><Provider Name="Microsoft-Windows-Security-Auditing" Guid="{54849625-5478-4994-a5ba-3e3b0328c30d}"></Provider>
<EventID Qualifiers="">4797</EventID>
<Version>0</Version>
<Level>0</Level>
<Task>13824</Task>
<Opcode>0</Opcode>
<Keywords>0x8020000000000000</Keywords>
<TimeCreated SystemTime="2023-01-03 11:11:51.290293"></TimeCreated>
<EventRecordID>301216</EventRecordID>
<Correlation ActivityID="{deb1f6ff-0fea-0001-a6f7-b1deea0fd901}" RelatedActivityID=""></Correlation>
<Execution ProcessID="1088" ThreadID="4732"></Execution>
<Channel>Security</Channel>
<Computer>DESKTOP-N69PNEU</Computer>
<Security UserID=""></Security>
</System>
<EventData><Data Name="SubjectUserSid">S-1-5-21-1295019123-3238983669-1719016479-1002</Data>
<Data Name="SubjectUserName">ezych</Data>
<Data Name="SubjectDomainName">DESKTOP-N69PNEU</Data>
<Data Name="SubjectLogonId">0x0000000007c83976</Data>
<Data Name="Workstation">DESKTOP-N69PNEU</Data>
<Data Name="TargetUserName">Konto domy&#347;lne</Data>
<Data Name="TargetDomainName">DESKTOP-N69PNEU</Data>
</EventData>
</Event>
<Event xmlns="http://schemas.microsoft.com/win/2004/08/events/event"><System><Provider Name="Microsoft-Windows-Security-Auditing" Guid="{54849625-5478-4994-a5ba-3e3b0328c30d}"></Provider>
<EventID Qualifiers="">4797</EventID>
<Version>0</Version>
<Level>0</Level>
<Task>13824</Task>
<Opcode>0</Opcode>
<Keywords>0x8020000000000000</Keywords>
<TimeCreated SystemTime="2023-01-03 11:11:51.291885"></TimeCreated>
<EventRecordID>301217</EventRecordID>
<Correlation ActivityID="{deb1f6ff-0fea-0001-a6f7-b1deea0fd901}" RelatedActivityID=""></Correlation>
<Execution ProcessID="1088" ThreadID="4732"></Execution>
<Channel>Security</Channel>
<Computer>DESKTOP-N69PNEU</Computer>
<Security UserID=""></Security>
</System>
<EventData><Data Name="SubjectUserSid">S-1-5-21-1295019123-3238983669-1719016479-1002</Data>
<Data Name="SubjectUserName">ezych</Data>
<Data Name="SubjectDomainName">DESKTOP-N69PNEU</Data>
<Data Name="SubjectLogonId">0x0000000007c83976</Data>
<Data Name="Workstation">DESKTOP-N69PNEU</Data>
<Data Name="TargetUserName">WDAGUtilityAccount</Data>
<Data Name="TargetDomainName">DESKTOP-N69PNEU</Data>
</EventData>
</Event>
<Event xmlns="http://schemas.microsoft.com/win/2004/08/events/event"><System><Provider Name="Microsoft-Windows-Security-Auditing" Guid="{54849625-5478-4994-a5ba-3e3b0328c30d}"></Provider>
<EventID Qualifiers="">4797</EventID>
<Version>0</Version>
<Level>0</Level>
<Task>13824</Task>
<Opcode>0</Opcode>
<Keywords>0x8020000000000000</Keywords>
<TimeCreated SystemTime="2023-01-03 11:11:51.294209"></TimeCreated>
<EventRecordID>301218</EventRecordID>
<Correlation ActivityID="{deb1f6ff-0fea-0001-a6f7-b1deea0fd901}" RelatedActivityID=""></Correlation>
<Execution ProcessID="1088" ThreadID="4732"></Execution>
<Channel>Security</Channel>
<Computer>DESKTOP-N69PNEU</Computer>
<Security UserID=""></Security>
</System>
<EventData><Data Name="SubjectUserSid">S-1-5-21-1295019123-3238983669-1719016479-1002</Data>
<Data Name="SubjectUserName">ezych</Data>
<Data Name="SubjectDomainName">DESKTOP-N69PNEU</Data>
<Data Name="SubjectLogonId">0x0000000007c83976</Data>
<Data Name="Workstation">DESKTOP-N69PNEU</Data>
<Data Name="TargetUserName">Administrator</Data>
<Data Name="TargetDomainName">DESKTOP-N69PNEU</Data>
</EventData>
</Event>
<Event xmlns="http://schemas.microsoft.com/win/2004/08/events/event"><System><Provider Name="Microsoft-Windows-Security-Auditing" Guid="{54849625-5478-4994-a5ba-3e3b0328c30d}"></Provider>
<EventID Qualifiers="">4798</EventID>
<Version>0</Version>
<Level>0</Level>
<Task>13824</Task>
<Opcode>0</Opcode>
<Keywords>0x8020000000000000</Keywords>
<TimeCreated SystemTime="2023-01-03 11:11:51.309721"></TimeCreated>
<EventRecordID>301219</EventRecordID>
<Correlation ActivityID="{deb1f6ff-0fea-0001-a6f7-b1deea0fd901}" RelatedActivityID=""></Correlation>
<Execution ProcessID="1088" ThreadID="4732"></Execution>
<Channel>Security</Channel>
<Computer>DESKTOP-N69PNEU</Computer>
<Security UserID=""></Security>
</System>
<EventData><Data Name="TargetUserName">ezych</Data>
<Data Name="TargetDomainName">DESKTOP-N69PNEU</Data>
<Data Name="TargetSid">S-1-5-21-1295019123-3238983669-1719016479-1002</Data>
<Data Name="SubjectUserSid">S-1-5-21-1295019123-3238983669-1719016479-1002</Data>
<Data Name="SubjectUserName">ezych</Data>
<Data Name="SubjectDomainName">DESKTOP-N69PNEU</Data>
<Data Name="SubjectLogonId">0x0000000007c83976</Data>
<Data Name="CallerProcessId">0x0000000000002bc8</Data>
<Data Name="CallerProcessName">C:\Windows\System32\RuntimeBroker.exe</Data>
</EventData>
</Event>
<Event xmlns="http://schemas.microsoft.com/win/2004/08/events/event"><System><Provider Name="Microsoft-Windows-Security-Auditing" Guid="{54849625-5478-4994-a5ba-3e3b0328c30d}"></Provider>
<EventID Qualifiers="">4797</EventID>
<Version>0</Version>
<Level>0</Level>
<Task>13824</Task>
<Opcode>0</Opcode>
<Keywords>0x8020000000000000</Keywords>
<TimeCreated SystemTime="2023-01-03 11:11:51.312223"></TimeCreated>
<EventRecordID>301220</EventRecordID>
<Correlation ActivityID="{deb1f6ff-0fea-0001-a6f7-b1deea0fd901}" RelatedActivityID=""></Correlation>
<Execution ProcessID="1088" ThreadID="4732"></Execution>
<Channel>Security</Channel>
<Computer>DESKTOP-N69PNEU</Computer>
<Security UserID=""></Security>
</System>
<EventData><Data Name="SubjectUserSid">S-1-5-21-1295019123-3238983669-1719016479-1002</Data>
<Data Name="SubjectUserName">ezych</Data>
<Data Name="SubjectDomainName">DESKTOP-N69PNEU</Data>
<Data Name="SubjectLogonId">0x0000000007c83976</Data>
<Data Name="Workstation">DESKTOP-N69PNEU</Data>
<Data Name="TargetUserName">Konto domy&#347;lne</Data>
<Data Name="TargetDomainName">DESKTOP-N69PNEU</Data>
</EventData>
</Event>
<Event xmlns="http://schemas.microsoft.com/win/2004/08/events/event"><System><Provider Name="Microsoft-Windows-Security-Auditing" Guid="{54849625-5478-4994-a5ba-3e3b0328c30d}"></Provider>
<EventID Qualifiers="">4797</EventID>
<Version>0</Version>
<Level>0</Level>
<Task>13824</Task>
<Opcode>0</Opcode>
<Keywords>0x8020000000000000</Keywords>
<TimeCreated SystemTime="2023-01-03 11:11:51.315155"></TimeCreated>
<EventRecordID>301221</EventRecordID>
<Correlation ActivityID="{deb1f6ff-0fea-0001-a6f7-b1deea0fd901}" RelatedActivityID=""></Correlation>
<Execution ProcessID="1088" ThreadID="4732"></Execution>
<Channel>Security</Channel>
<Computer>DESKTOP-N69PNEU</Computer>
<Security UserID=""></Security>
</System>
<EventData><Data Name="SubjectUserSid">S-1-5-21-1295019123-3238983669-1719016479-1002</Data>
<Data Name="SubjectUserName">ezych</Data>
<Data Name="SubjectDomainName">DESKTOP-N69PNEU</Data>
<Data Name="SubjectLogonId">0x0000000007c83976</Data>
<Data Name="Workstation">DESKTOP-N69PNEU</Data>
<Data Name="TargetUserName">WDAGUtilityAccount</Data>
<Data Name="TargetDomainName">DESKTOP-N69PNEU</Data>
</EventData>
</Event>
<Event xmlns="http://schemas.microsoft.com/win/2004/08/events/event"><System><Provider Name="Microsoft-Windows-Security-Auditing" Guid="{54849625-5478-4994-a5ba-3e3b0328c30d}"></Provider>
<EventID Qualifiers="">4797</EventID>
<Version>0</Version>
<Level>0</Level>
<Task>13824</Task>
<Opcode>0</Opcode>
<Keywords>0x8020000000000000</Keywords>
<TimeCreated SystemTime="2023-01-03 11:11:51.318125"></TimeCreated>
<EventRecordID>301222</EventRecordID>
<Correlation ActivityID="{deb1f6ff-0fea-0001-a6f7-b1deea0fd901}" RelatedActivityID=""></Correlation>
<Execution ProcessID="1088" ThreadID="4732"></Execution>
<Channel>Security</Channel>
<Computer>DESKTOP-N69PNEU</Computer>
<Security UserID=""></Security>
</System>
<EventData><Data Name="SubjectUserSid">S-1-5-21-1295019123-3238983669-1719016479-1002</Data>
<Data Name="SubjectUserName">ezych</Data>
<Data Name="SubjectDomainName">DESKTOP-N69PNEU</Data>
<Data Name="SubjectLogonId">0x0000000007c83976</Data>
<Data Name="Workstation">DESKTOP-N69PNEU</Data>
<Data Name="TargetUserName">Go&#347;&#263;</Data>
<Data Name="TargetDomainName">DESKTOP-N69PNEU</Data>
</EventData>
</Event>
<Event xmlns="http://schemas.microsoft.com/win/2004/08/events/event"><System><Provider Name="Microsoft-Windows-Security-Auditing" Guid="{54849625-5478-4994-a5ba-3e3b0328c30d}"></Provider>
<EventID Qualifiers="">4798</EventID>
<Version>0</Version>
<Level>0</Level>
<Task>13824</Task>
<Opcode>0</Opcode>
<Keywords>0x8020000000000000</Keywords>
<TimeCreated SystemTime="2023-01-03 11:11:51.321209"></TimeCreated>
<EventRecordID>301223</EventRecordID>
<Correlation ActivityID="{deb1f6ff-0fea-0001-a6f7-b1deea0fd901}" RelatedActivityID=""></Correlation>
<Execution ProcessID="1088" ThreadID="4732"></Execution>
<Channel>Security</Channel>
<Computer>DESKTOP-N69PNEU</Computer>
<Security UserID=""></Security>
</System>
<EventData><Data Name="TargetUserName">Go&#347;&#263;</Data>
<Data Name="TargetDomainName">DESKTOP-N69PNEU</Data>
<Data Name="TargetSid">S-1-5-21-1295019123-3238983669-1719016479-501</Data>
<Data Name="SubjectUserSid">S-1-5-21-1295019123-3238983669-1719016479-1002</Data>
<Data Name="SubjectUserName">ezych</Data>
<Data Name="SubjectDomainName">DESKTOP-N69PNEU</Data>
<Data Name="SubjectLogonId">0x0000000007c83976</Data>
<Data Name="CallerProcessId">0x0000000000002bc8</Data>
<Data Name="CallerProcessName">C:\Windows\System32\RuntimeBroker.exe</Data>
</EventData>
</Event>
<Event xmlns="http://schemas.microsoft.com/win/2004/08/events/event"><System><Provider Name="Microsoft-Windows-Security-Auditing" Guid="{54849625-5478-4994-a5ba-3e3b0328c30d}"></Provider>
<EventID Qualifiers="">4647</EventID>
<Version>0</Version>
<Level>0</Level>
<Task>12545</Task>
<Opcode>0</Opcode>
<Keywords>0x8020000000000000</Keywords>
<TimeCreated SystemTime="2023-01-03 11:11:53.155325"></TimeCreated>
<EventRecordID>301224</EventRecordID>
<Correlation ActivityID="{deb1f6ff-0fea-0001-a6f7-b1deea0fd901}" RelatedActivityID=""></Correlation>
<Execution ProcessID="1088" ThreadID="2700"></Execution>
<Channel>Security</Channel>
<Computer>DESKTOP-N69PNEU</Computer>
<Security UserID=""></Security>
</System>
<EventData><Data Name="TargetUserSid">S-1-5-21-1295019123-3238983669-1719016479-1002</Data>
<Data Name="TargetUserName">ezych</Data>
<Data Name="TargetDomainName">DESKTOP-N69PNEU</Data>
<Data Name="TargetLogonId">0x0000000007c83976</Data>
</EventData>
</Event>
<Event xmlns="http://schemas.microsoft.com/win/2004/08/events/event"><System><Provider Name="Microsoft-Windows-Security-Auditing" Guid="{54849625-5478-4994-a5ba-3e3b0328c30d}"></Provider>
<EventID Qualifiers="">4798</EventID>
<Version>0</Version>
<Level>0</Level>
<Task>13824</Task>
<Opcode>0</Opcode>
<Keywords>0x8020000000000000</Keywords>
<TimeCreated SystemTime="2023-01-03 11:11:53.230793"></TimeCreated>
<EventRecordID>301225</EventRecordID>
<Correlation ActivityID="{deb1f6ff-0fea-0001-a6f7-b1deea0fd901}" RelatedActivityID=""></Correlation>
<Execution ProcessID="1088" ThreadID="2700"></Execution>
<Channel>Security</Channel>
<Computer>DESKTOP-N69PNEU</Computer>
<Security UserID=""></Security>
</System>
<EventData><Data Name="TargetUserName">Administrator</Data>
<Data Name="TargetDomainName">DESKTOP-N69PNEU</Data>
<Data Name="TargetSid">S-1-5-21-1295019123-3238983669-1719016479-500</Data>
<Data Name="SubjectUserSid">S-1-5-18</Data>
<Data Name="SubjectUserName">DESKTOP-N69PNEU$</Data>
<Data Name="SubjectDomainName">WORKGROUP</Data>
<Data Name="SubjectLogonId">0x00000000000003e7</Data>
<Data Name="CallerProcessId">0x000000000000087c</Data>
<Data Name="CallerProcessName">C:\Windows\System32\svchost.exe</Data>
</EventData>
</Event>
<Event xmlns="http://schemas.microsoft.com/win/2004/08/events/event"><System><Provider Name="Microsoft-Windows-Security-Auditing" Guid="{54849625-5478-4994-a5ba-3e3b0328c30d}"></Provider>
<EventID Qualifiers="">4798</EventID>
<Version>0</Version>
<Level>0</Level>
<Task>13824</Task>
<Opcode>0</Opcode>
<Keywords>0x8020000000000000</Keywords>
<TimeCreated SystemTime="2023-01-03 11:11:53.231148"></TimeCreated>
<EventRecordID>301226</EventRecordID>
<Correlation ActivityID="{deb1f6ff-0fea-0001-a6f7-b1deea0fd901}" RelatedActivityID=""></Correlation>
<Execution ProcessID="1088" ThreadID="2700"></Execution>
<Channel>Security</Channel>
<Computer>DESKTOP-N69PNEU</Computer>
<Security UserID=""></Security>
</System>
<EventData><Data Name="TargetUserName">ezych</Data>
<Data Name="TargetDomainName">DESKTOP-N69PNEU</Data>
<Data Name="TargetSid">S-1-5-21-1295019123-3238983669-1719016479-1002</Data>
<Data Name="SubjectUserSid">S-1-5-18</Data>
<Data Name="SubjectUserName">DESKTOP-N69PNEU$</Data>
<Data Name="SubjectDomainName">WORKGROUP</Data>
<Data Name="SubjectLogonId">0x00000000000003e7</Data>
<Data Name="CallerProcessId">0x000000000000087c</Data>
<Data Name="CallerProcessName">C:\Windows\System32\svchost.exe</Data>
</EventData>
</Event>
<Event xmlns="http://schemas.microsoft.com/win/2004/08/events/event"><System><Provider Name="Microsoft-Windows-Security-Auditing" Guid="{54849625-5478-4994-a5ba-3e3b0328c30d}"></Provider>
<EventID Qualifiers="">4798</EventID>
<Version>0</Version>
<Level>0</Level>
<Task>13824</Task>
<Opcode>0</Opcode>
<Keywords>0x8020000000000000</Keywords>
<TimeCreated SystemTime="2023-01-03 11:11:53.231436"></TimeCreated>
<EventRecordID>301227</EventRecordID>
<Correlation ActivityID="{deb1f6ff-0fea-0001-a6f7-b1deea0fd901}" RelatedActivityID=""></Correlation>
<Execution ProcessID="1088" ThreadID="2700"></Execution>
<Channel>Security</Channel>
<Computer>DESKTOP-N69PNEU</Computer>
<Security UserID=""></Security>
</System>
<EventData><Data Name="TargetUserName">Go&#347;&#263;</Data>
<Data Name="TargetDomainName">DESKTOP-N69PNEU</Data>
<Data Name="TargetSid">S-1-5-21-1295019123-3238983669-1719016479-501</Data>
<Data Name="SubjectUserSid">S-1-5-18</Data>
<Data Name="SubjectUserName">DESKTOP-N69PNEU$</Data>
<Data Name="SubjectDomainName">WORKGROUP</Data>
<Data Name="SubjectLogonId">0x00000000000003e7</Data>
<Data Name="CallerProcessId">0x000000000000087c</Data>
<Data Name="CallerProcessName">C:\Windows\System32\svchost.exe</Data>
</EventData>
</Event>
<Event xmlns="http://schemas.microsoft.com/win/2004/08/events/event"><System><Provider Name="Microsoft-Windows-Security-Auditing" Guid="{54849625-5478-4994-a5ba-3e3b0328c30d}"></Provider>
<EventID Qualifiers="">4798</EventID>
<Version>0</Version>
<Level>0</Level>
<Task>13824</Task>
<Opcode>0</Opcode>
<Keywords>0x8020000000000000</Keywords>
<TimeCreated SystemTime="2023-01-03 11:11:53.231750"></TimeCreated>
<EventRecordID>301228</EventRecordID>
<Correlation ActivityID="{deb1f6ff-0fea-0001-a6f7-b1deea0fd901}" RelatedActivityID=""></Correlation>
<Execution ProcessID="1088" ThreadID="2700"></Execution>
<Channel>Security</Channel>
<Computer>DESKTOP-N69PNEU</Computer>
<Security UserID=""></Security>
</System>
<EventData><Data Name="TargetUserName">Konto domy&#347;lne</Data>
<Data Name="TargetDomainName">DESKTOP-N69PNEU</Data>
<Data Name="TargetSid">S-1-5-21-1295019123-3238983669-1719016479-503</Data>
<Data Name="SubjectUserSid">S-1-5-18</Data>
<Data Name="SubjectUserName">DESKTOP-N69PNEU$</Data>
<Data Name="SubjectDomainName">WORKGROUP</Data>
<Data Name="SubjectLogonId">0x00000000000003e7</Data>
<Data Name="CallerProcessId">0x000000000000087c</Data>
<Data Name="CallerProcessName">C:\Windows\System32\svchost.exe</Data>
</EventData>
</Event>
<Event xmlns="http://schemas.microsoft.com/win/2004/08/events/event"><System><Provider Name="Microsoft-Windows-Security-Auditing" Guid="{54849625-5478-4994-a5ba-3e3b0328c30d}"></Provider>
<EventID Qualifiers="">4798</EventID>
<Version>0</Version>
<Level>0</Level>
<Task>13824</Task>
<Opcode>0</Opcode>
<Keywords>0x8020000000000000</Keywords>
<TimeCreated SystemTime="2023-01-03 11:11:53.232168"></TimeCreated>
<EventRecordID>301229</EventRecordID>
<Correlation ActivityID="{deb1f6ff-0fea-0001-a6f7-b1deea0fd901}" RelatedActivityID=""></Correlation>
<Execution ProcessID="1088" ThreadID="2700"></Execution>
<Channel>Security</Channel>
<Computer>DESKTOP-N69PNEU</Computer>
<Security UserID=""></Security>
</System>
<EventData><Data Name="TargetUserName">WDAGUtilityAccount</Data>
<Data Name="TargetDomainName">DESKTOP-N69PNEU</Data>
<Data Name="TargetSid">S-1-5-21-1295019123-3238983669-1719016479-504</Data>
<Data Name="SubjectUserSid">S-1-5-18</Data>
<Data Name="SubjectUserName">DESKTOP-N69PNEU$</Data>
<Data Name="SubjectDomainName">WORKGROUP</Data>
<Data Name="SubjectLogonId">0x00000000000003e7</Data>
<Data Name="CallerProcessId">0x000000000000087c</Data>
<Data Name="CallerProcessName">C:\Windows\System32\svchost.exe</Data>
</EventData>
</Event>
<Event xmlns="http://schemas.microsoft.com/win/2004/08/events/event"><System><Provider Name="Microsoft-Windows-Security-Auditing" Guid="{54849625-5478-4994-a5ba-3e3b0328c30d}"></Provider>
<EventID Qualifiers="">4624</EventID>
<Version>2</Version>
<Level>0</Level>
<Task>12544</Task>
<Opcode>0</Opcode>
<Keywords>0x8020000000000000</Keywords>
<TimeCreated SystemTime="2023-01-03 11:11:53.468971"></TimeCreated>
<EventRecordID>301230</EventRecordID>
<Correlation ActivityID="{deb1f6ff-0fea-0001-a6f7-b1deea0fd901}" RelatedActivityID=""></Correlation>
<Execution ProcessID="1088" ThreadID="12632"></Execution>
<Channel>Security</Channel>
<Computer>DESKTOP-N69PNEU</Computer>
<Security UserID=""></Security>
</System>
<EventData><Data Name="SubjectUserSid">S-1-5-18</Data>
<Data Name="SubjectUserName">DESKTOP-N69PNEU$</Data>
<Data Name="SubjectDomainName">WORKGROUP</Data>
<Data Name="SubjectLogonId">0x00000000000003e7</Data>
<Data Name="TargetUserSid">S-1-5-18</Data>
<Data Name="TargetUserName">SYSTEM</Data>
<Data Name="TargetDomainName">ZARZ&#260;DZANIE NT</Data>
<Data Name="TargetLogonId">0x00000000000003e7</Data>
<Data Name="LogonType">5</Data>
<Data Name="LogonProcessName">Advapi  </Data>
<Data Name="AuthenticationPackageName">Negotiate</Data>
<Data Name="WorkstationName">-</Data>
<Data Name="LogonGuid">{00000000-0000-0000-0000-000000000000}</Data>
<Data Name="TransmittedServices">-</Data>
<Data Name="LmPackageName">-</Data>
<Data Name="KeyLength">0</Data>
<Data Name="ProcessId">0x0000000000000250</Data>
<Data Name="ProcessName">C:\Windows\System32\services.exe</Data>
<Data Name="IpAddress">-</Data>
<Data Name="IpPort">-</Data>
<Data Name="ImpersonationLevel">%%1833</Data>
<Data Name="RestrictedAdminMode">-</Data>
<Data Name="TargetOutboundUserName">-</Data>
<Data Name="TargetOutboundDomainName">-</Data>
<Data Name="VirtualAccount">%%1843</Data>
<Data Name="TargetLinkedLogonId">0x0000000000000000</Data>
<Data Name="ElevatedToken">%%1842</Data>
</EventData>
</Event>
<Event xmlns="http://schemas.microsoft.com/win/2004/08/events/event"><System><Provider Name="Microsoft-Windows-Security-Auditing" Guid="{54849625-5478-4994-a5ba-3e3b0328c30d}"></Provider>
<EventID Qualifiers="">4672</EventID>
<Version>0</Version>
<Level>0</Level>
<Task>12548</Task>
<Opcode>0</Opcode>
<Keywords>0x8020000000000000</Keywords>
<TimeCreated SystemTime="2023-01-03 11:11:53.468983"></TimeCreated>
<EventRecordID>301231</EventRecordID>
<Correlation ActivityID="{deb1f6ff-0fea-0001-a6f7-b1deea0fd901}" RelatedActivityID=""></Correlation>
<Execution ProcessID="1088" ThreadID="12632"></Execution>
<Channel>Security</Channel>
<Computer>DESKTOP-N69PNEU</Computer>
<Security UserID=""></Security>
</System>
<EventData><Data Name="SubjectUserSid">S-1-5-18</Data>
<Data Name="SubjectUserName">SYSTEM</Data>
<Data Name="SubjectDomainName">ZARZ&#260;DZANIE NT</Data>
<Data Name="SubjectLogonId">0x00000000000003e7</Data>
<Data Name="PrivilegeList">SeAssignPrimaryTokenPrivilege
			SeTcbPrivilege
			SeSecurityPrivilege
			SeTakeOwnershipPrivilege
			SeLoadDriverPrivilege
			SeBackupPrivilege
			SeRestorePrivilege
			SeDebugPrivilege
			SeAuditPrivilege
			SeSystemEnvironmentPrivilege
			SeImpersonatePrivilege
			SeDelegateSessionUserImpersonatePrivilege</Data>
</EventData>
</Event>
<Event xmlns="http://schemas.microsoft.com/win/2004/08/events/event"><System><Provider Name="Microsoft-Windows-Security-Auditing" Guid="{54849625-5478-4994-a5ba-3e3b0328c30d}"></Provider>
<EventID Qualifiers="">4648</EventID>
<Version>0</Version>
<Level>0</Level>
<Task>12544</Task>
<Opcode>0</Opcode>
<Keywords>0x8020000000000000</Keywords>
<TimeCreated SystemTime="2023-01-03 11:11:53.515350"></TimeCreated>
<EventRecordID>301232</EventRecordID>
<Correlation ActivityID="{deb1f6ff-0fea-0001-a6f7-b1deea0fd901}" RelatedActivityID=""></Correlation>
<Execution ProcessID="1088" ThreadID="12632"></Execution>
<Channel>Security</Channel>
<Computer>DESKTOP-N69PNEU</Computer>
<Security UserID=""></Security>
</System>
<EventData><Data Name="SubjectUserSid">S-1-5-18</Data>
<Data Name="SubjectUserName">DESKTOP-N69PNEU$</Data>
<Data Name="SubjectDomainName">WORKGROUP</Data>
<Data Name="SubjectLogonId">0x00000000000003e7</Data>
<Data Name="LogonGuid">{00000000-0000-0000-0000-000000000000}</Data>
<Data Name="TargetUserName">UMFD-28</Data>
<Data Name="TargetDomainName">Font Driver Host</Data>
<Data Name="TargetLogonGuid">{00000000-0000-0000-0000-000000000000}</Data>
<Data Name="TargetServerName">localhost</Data>
<Data Name="TargetInfo">localhost</Data>
<Data Name="ProcessId">0x000000000000248c</Data>
<Data Name="ProcessName">C:\Windows\System32\winlogon.exe</Data>
<Data Name="IpAddress">-</Data>
<Data Name="IpPort">-</Data>
</EventData>
</Event>
<Event xmlns="http://schemas.microsoft.com/win/2004/08/events/event"><System><Provider Name="Microsoft-Windows-Security-Auditing" Guid="{54849625-5478-4994-a5ba-3e3b0328c30d}"></Provider>
<EventID Qualifiers="">4624</EventID>
<Version>2</Version>
<Level>0</Level>
<Task>12544</Task>
<Opcode>0</Opcode>
<Keywords>0x8020000000000000</Keywords>
<TimeCreated SystemTime="2023-01-03 11:11:53.515373"></TimeCreated>
<EventRecordID>301233</EventRecordID>
<Correlation ActivityID="{deb1f6ff-0fea-0001-a6f7-b1deea0fd901}" RelatedActivityID=""></Correlation>
<Execution ProcessID="1088" ThreadID="12632"></Execution>
<Channel>Security</Channel>
<Computer>DESKTOP-N69PNEU</Computer>
<Security UserID=""></Security>
</System>
<EventData><Data Name="SubjectUserSid">S-1-5-18</Data>
<Data Name="SubjectUserName">DESKTOP-N69PNEU$</Data>
<Data Name="SubjectDomainName">WORKGROUP</Data>
<Data Name="SubjectLogonId">0x00000000000003e7</Data>
<Data Name="TargetUserSid">S-1-5-96-0-28</Data>
<Data Name="TargetUserName">UMFD-28</Data>
<Data Name="TargetDomainName">Font Driver Host</Data>
<Data Name="TargetLogonId">0x0000000007ff2d40</Data>
<Data Name="LogonType">2</Data>
<Data Name="LogonProcessName">Advapi  </Data>
<Data Name="AuthenticationPackageName">Negotiate</Data>
<Data Name="WorkstationName">-</Data>
<Data Name="LogonGuid">{00000000-0000-0000-0000-000000000000}</Data>
<Data Name="TransmittedServices">-</Data>
<Data Name="LmPackageName">-</Data>
<Data Name="KeyLength">0</Data>
<Data Name="ProcessId">0x000000000000248c</Data>
<Data Name="ProcessName">C:\Windows\System32\winlogon.exe</Data>
<Data Name="IpAddress">-</Data>
<Data Name="IpPort">-</Data>
<Data Name="ImpersonationLevel">%%1833</Data>
<Data Name="RestrictedAdminMode">-</Data>
<Data Name="TargetOutboundUserName">-</Data>
<Data Name="TargetOutboundDomainName">-</Data>
<Data Name="VirtualAccount">%%1842</Data>
<Data Name="TargetLinkedLogonId">0x0000000000000000</Data>
<Data Name="ElevatedToken">%%1843</Data>
</EventData>
</Event>
<Event xmlns="http://schemas.microsoft.com/win/2004/08/events/event"><System><Provider Name="Microsoft-Windows-Security-Auditing" Guid="{54849625-5478-4994-a5ba-3e3b0328c30d}"></Provider>
<EventID Qualifiers="">4648</EventID>
<Version>0</Version>
<Level>0</Level>
<Task>12544</Task>
<Opcode>0</Opcode>
<Keywords>0x8020000000000000</Keywords>
<TimeCreated SystemTime="2023-01-03 11:11:53.576750"></TimeCreated>
<EventRecordID>301234</EventRecordID>
<Correlation ActivityID="{deb1f6ff-0fea-0001-a6f7-b1deea0fd901}" RelatedActivityID=""></Correlation>
<Execution ProcessID="1088" ThreadID="12632"></Execution>
<Channel>Security</Channel>
<Computer>DESKTOP-N69PNEU</Computer>
<Security UserID=""></Security>
</System>
<EventData><Data Name="SubjectUserSid">S-1-5-18</Data>
<Data Name="SubjectUserName">DESKTOP-N69PNEU$</Data>
<Data Name="SubjectDomainName">WORKGROUP</Data>
<Data Name="SubjectLogonId">0x00000000000003e7</Data>
<Data Name="LogonGuid">{00000000-0000-0000-0000-000000000000}</Data>
<Data Name="TargetUserName">DWM-28</Data>
<Data Name="TargetDomainName">Window Manager</Data>
<Data Name="TargetLogonGuid">{00000000-0000-0000-0000-000000000000}</Data>
<Data Name="TargetServerName">localhost</Data>
<Data Name="TargetInfo">localhost</Data>
<Data Name="ProcessId">0x000000000000248c</Data>
<Data Name="ProcessName">C:\Windows\System32\winlogon.exe</Data>
<Data Name="IpAddress">-</Data>
<Data Name="IpPort">-</Data>
</EventData>
</Event>
<Event xmlns="http://schemas.microsoft.com/win/2004/08/events/event"><System><Provider Name="Microsoft-Windows-Security-Auditing" Guid="{54849625-5478-4994-a5ba-3e3b0328c30d}"></Provider>
<EventID Qualifiers="">4624</EventID>
<Version>2</Version>
<Level>0</Level>
<Task>12544</Task>
<Opcode>0</Opcode>
<Keywords>0x8020000000000000</Keywords>
<TimeCreated SystemTime="2023-01-03 11:11:53.576775"></TimeCreated>
<EventRecordID>301235</EventRecordID>
<Correlation ActivityID="{deb1f6ff-0fea-0001-a6f7-b1deea0fd901}" RelatedActivityID=""></Correlation>
<Execution ProcessID="1088" ThreadID="12632"></Execution>
<Channel>Security</Channel>
<Computer>DESKTOP-N69PNEU</Computer>
<Security UserID=""></Security>
</System>
<EventData><Data Name="SubjectUserSid">S-1-5-18</Data>
<Data Name="SubjectUserName">DESKTOP-N69PNEU$</Data>
<Data Name="SubjectDomainName">WORKGROUP</Data>
<Data Name="SubjectLogonId">0x00000000000003e7</Data>
<Data Name="TargetUserSid">S-1-5-90-0-28</Data>
<Data Name="TargetUserName">DWM-28</Data>
<Data Name="TargetDomainName">Window Manager</Data>
<Data Name="TargetLogonId">0x0000000007ff5007</Data>
<Data Name="LogonType">2</Data>
<Data Name="LogonProcessName">Advapi  </Data>
<Data Name="AuthenticationPackageName">Negotiate</Data>
<Data Name="WorkstationName">-</Data>
<Data Name="LogonGuid">{00000000-0000-0000-0000-000000000000}</Data>
<Data Name="TransmittedServices">-</Data>
<Data Name="LmPackageName">-</Data>
<Data Name="KeyLength">0</Data>
<Data Name="ProcessId">0x000000000000248c</Data>
<Data Name="ProcessName">C:\Windows\System32\winlogon.exe</Data>
<Data Name="IpAddress">-</Data>
<Data Name="IpPort">-</Data>
<Data Name="ImpersonationLevel">%%1833</Data>
<Data Name="RestrictedAdminMode">-</Data>
<Data Name="TargetOutboundUserName">-</Data>
<Data Name="TargetOutboundDomainName">-</Data>
<Data Name="VirtualAccount">%%1842</Data>
<Data Name="TargetLinkedLogonId">0x0000000007ff510d</Data>
<Data Name="ElevatedToken">%%1842</Data>
</EventData>
</Event>
<Event xmlns="http://schemas.microsoft.com/win/2004/08/events/event"><System><Provider Name="Microsoft-Windows-Security-Auditing" Guid="{54849625-5478-4994-a5ba-3e3b0328c30d}"></Provider>
<EventID Qualifiers="">4624</EventID>
<Version>2</Version>
<Level>0</Level>
<Task>12544</Task>
<Opcode>0</Opcode>
<Keywords>0x8020000000000000</Keywords>
<TimeCreated SystemTime="2023-01-03 11:11:53.576794"></TimeCreated>
<EventRecordID>301236</EventRecordID>
<Correlation ActivityID="{deb1f6ff-0fea-0001-a6f7-b1deea0fd901}" RelatedActivityID=""></Correlation>
<Execution ProcessID="1088" ThreadID="12632"></Execution>
<Channel>Security</Channel>
<Computer>DESKTOP-N69PNEU</Computer>
<Security UserID=""></Security>
</System>
<EventData><Data Name="SubjectUserSid">S-1-5-18</Data>
<Data Name="SubjectUserName">DESKTOP-N69PNEU$</Data>
<Data Name="SubjectDomainName">WORKGROUP</Data>
<Data Name="SubjectLogonId">0x00000000000003e7</Data>
<Data Name="TargetUserSid">S-1-5-90-0-28</Data>
<Data Name="TargetUserName">DWM-28</Data>
<Data Name="TargetDomainName">Window Manager</Data>
<Data Name="TargetLogonId">0x0000000007ff510d</Data>
<Data Name="LogonType">2</Data>
<Data Name="LogonProcessName">Advapi  </Data>
<Data Name="AuthenticationPackageName">Negotiate</Data>
<Data Name="WorkstationName">-</Data>
<Data Name="LogonGuid">{00000000-0000-0000-0000-000000000000}</Data>
<Data Name="TransmittedServices">-</Data>
<Data Name="LmPackageName">-</Data>
<Data Name="KeyLength">0</Data>
<Data Name="ProcessId">0x000000000000248c</Data>
<Data Name="ProcessName">C:\Windows\System32\winlogon.exe</Data>
<Data Name="IpAddress">-</Data>
<Data Name="IpPort">-</Data>
<Data Name="ImpersonationLevel">%%1833</Data>
<Data Name="RestrictedAdminMode">-</Data>
<Data Name="TargetOutboundUserName">-</Data>
<Data Name="TargetOutboundDomainName">-</Data>
<Data Name="VirtualAccount">%%1842</Data>
<Data Name="TargetLinkedLogonId">0x0000000007ff5007</Data>
<Data Name="ElevatedToken">%%1843</Data>
</EventData>
</Event>
<Event xmlns="http://schemas.microsoft.com/win/2004/08/events/event"><System><Provider Name="Microsoft-Windows-Security-Auditing" Guid="{54849625-5478-4994-a5ba-3e3b0328c30d}"></Provider>
<EventID Qualifiers="">4672</EventID>
<Version>0</Version>
<Level>0</Level>
<Task>12548</Task>
<Opcode>0</Opcode>
<Keywords>0x8020000000000000</Keywords>
<TimeCreated SystemTime="2023-01-03 11:11:53.576801"></TimeCreated>
<EventRecordID>301237</EventRecordID>
<Correlation ActivityID="{deb1f6ff-0fea-0001-a6f7-b1deea0fd901}" RelatedActivityID=""></Correlation>
<Execution ProcessID="1088" ThreadID="12632"></Execution>
<Channel>Security</Channel>
<Computer>DESKTOP-N69PNEU</Computer>
<Security UserID=""></Security>
</System>
<EventData><Data Name="SubjectUserSid">S-1-5-90-0-28</Data>
<Data Name="SubjectUserName">DWM-28</Data>
<Data Name="SubjectDomainName">Window Manager</Data>
<Data Name="SubjectLogonId">0x0000000007ff5007</Data>
<Data Name="PrivilegeList">SeAssignPrimaryTokenPrivilege
			SeAuditPrivilege
			SeImpersonatePrivilege</Data>
</EventData>
</Event>
<Event xmlns="http://schemas.microsoft.com/win/2004/08/events/event"><System><Provider Name="Microsoft-Windows-Security-Auditing" Guid="{54849625-5478-4994-a5ba-3e3b0328c30d}"></Provider>
<EventID Qualifiers="">4672</EventID>
<Version>0</Version>
<Level>0</Level>
<Task>12548</Task>
<Opcode>0</Opcode>
<Keywords>0x8020000000000000</Keywords>
<TimeCreated SystemTime="2023-01-03 11:11:53.576803"></TimeCreated>
<EventRecordID>301238</EventRecordID>
<Correlation ActivityID="{deb1f6ff-0fea-0001-a6f7-b1deea0fd901}" RelatedActivityID=""></Correlation>
<Execution ProcessID="1088" ThreadID="12632"></Execution>
<Channel>Security</Channel>
<Computer>DESKTOP-N69PNEU</Computer>
<Security UserID=""></Security>
</System>
<EventData><Data Name="SubjectUserSid">S-1-5-90-0-28</Data>
<Data Name="SubjectUserName">DWM-28</Data>
<Data Name="SubjectDomainName">Window Manager</Data>
<Data Name="SubjectLogonId">0x0000000007ff510d</Data>
<Data Name="PrivilegeList">SeAssignPrimaryTokenPrivilege
			SeAuditPrivilege</Data>
</EventData>
</Event>
<Event xmlns="http://schemas.microsoft.com/win/2004/08/events/event"><System><Provider Name="Microsoft-Windows-Security-Auditing" Guid="{54849625-5478-4994-a5ba-3e3b0328c30d}"></Provider>
<EventID Qualifiers="">4634</EventID>
<Version>0</Version>
<Level>0</Level>
<Task>12545</Task>
<Opcode>0</Opcode>
<Keywords>0x8020000000000000</Keywords>
<TimeCreated SystemTime="2023-01-03 11:11:53.787853"></TimeCreated>
<EventRecordID>301239</EventRecordID>
<Correlation ActivityID="" RelatedActivityID=""></Correlation>
<Execution ProcessID="1088" ThreadID="2700"></Execution>
<Channel>Security</Channel>
<Computer>DESKTOP-N69PNEU</Computer>
<Security UserID=""></Security>
</System>
<EventData><Data Name="TargetUserSid">S-1-5-96-0-27</Data>
<Data Name="TargetUserName">UMFD-27</Data>
<Data Name="TargetDomainName">Font Driver Host</Data>
<Data Name="TargetLogonId">0x0000000007c38560</Data>
<Data Name="LogonType">2</Data>
</EventData>
</Event>
<Event xmlns="http://schemas.microsoft.com/win/2004/08/events/event"><System><Provider Name="Microsoft-Windows-Security-Auditing" Guid="{54849625-5478-4994-a5ba-3e3b0328c30d}"></Provider>
<EventID Qualifiers="">4634</EventID>
<Version>0</Version>
<Level>0</Level>
<Task>12545</Task>
<Opcode>0</Opcode>
<Keywords>0x8020000000000000</Keywords>
<TimeCreated SystemTime="2023-01-03 11:11:53.795471"></TimeCreated>
<EventRecordID>301240</EventRecordID>
<Correlation ActivityID="" RelatedActivityID=""></Correlation>
<Execution ProcessID="1088" ThreadID="2700"></Execution>
<Channel>Security</Channel>
<Computer>DESKTOP-N69PNEU</Computer>
<Security UserID=""></Security>
</System>
<EventData><Data Name="TargetUserSid">S-1-5-90-0-27</Data>
<Data Name="TargetUserName">DWM-27</Data>
<Data Name="TargetDomainName">Window Manager</Data>
<Data Name="TargetLogonId">0x0000000007c39625</Data>
<Data Name="LogonType">2</Data>
</EventData>
</Event>
<Event xmlns="http://schemas.microsoft.com/win/2004/08/events/event"><System><Provider Name="Microsoft-Windows-Security-Auditing" Guid="{54849625-5478-4994-a5ba-3e3b0328c30d}"></Provider>
<EventID Qualifiers="">4634</EventID>
<Version>0</Version>
<Level>0</Level>
<Task>12545</Task>
<Opcode>0</Opcode>
<Keywords>0x8020000000000000</Keywords>
<TimeCreated SystemTime="2023-01-03 11:11:53.795555"></TimeCreated>
<EventRecordID>301241</EventRecordID>
<Correlation ActivityID="" RelatedActivityID=""></Correlation>
<Execution ProcessID="1088" ThreadID="2700"></Execution>
<Channel>Security</Channel>
<Computer>DESKTOP-N69PNEU</Computer>
<Security UserID=""></Security>
</System>
<EventData><Data Name="TargetUserSid">S-1-5-90-0-27</Data>
<Data Name="TargetUserName">DWM-27</Data>
<Data Name="TargetDomainName">Window Manager</Data>
<Data Name="TargetLogonId">0x0000000007c395dc</Data>
<Data Name="LogonType">2</Data>
</EventData>
</Event>
<Event xmlns="http://schemas.microsoft.com/win/2004/08/events/event"><System><Provider Name="Microsoft-Windows-Security-Auditing" Guid="{54849625-5478-4994-a5ba-3e3b0328c30d}"></Provider>
<EventID Qualifiers="">4798</EventID>
<Version>0</Version>
<Level>0</Level>
<Task>13824</Task>
<Opcode>0</Opcode>
<Keywords>0x8020000000000000</Keywords>
<TimeCreated SystemTime="2023-01-03 11:11:54.040483"></TimeCreated>
<EventRecordID>301242</EventRecordID>
<Correlation ActivityID="{deb1f6ff-0fea-0001-a6f7-b1deea0fd901}" RelatedActivityID=""></Correlation>
<Execution ProcessID="1088" ThreadID="12632"></Execution>
<Channel>Security</Channel>
<Computer>DESKTOP-N69PNEU</Computer>
<Security UserID=""></Security>
</System>
<EventData><Data Name="TargetUserName">ezych</Data>
<Data Name="TargetDomainName">DESKTOP-N69PNEU</Data>
<Data Name="TargetSid">S-1-5-21-1295019123-3238983669-1719016479-1002</Data>
<Data Name="SubjectUserSid">S-1-5-18</Data>
<Data Name="SubjectUserName">DESKTOP-N69PNEU$</Data>
<Data Name="SubjectDomainName">WORKGROUP</Data>
<Data Name="SubjectLogonId">0x00000000000003e7</Data>
<Data Name="CallerProcessId">0x00000000000024b8</Data>
<Data Name="CallerProcessName">C:\Windows\System32\LogonUI.exe</Data>
</EventData>
</Event>
<Event xmlns="http://schemas.microsoft.com/win/2004/08/events/event"><System><Provider Name="Microsoft-Windows-Security-Auditing" Guid="{54849625-5478-4994-a5ba-3e3b0328c30d}"></Provider>
<EventID Qualifiers="">5059</EventID>
<Version>1</Version>
<Level>0</Level>
<Task>12292</Task>
<Opcode>0</Opcode>
<Keywords>0x8020000000000000</Keywords>
<TimeCreated SystemTime="2023-01-03 11:12:00.194059"></TimeCreated>
<EventRecordID>301243</EventRecordID>
<Correlation ActivityID="{deb1f6ff-0fea-0001-a6f7-b1deea0fd901}" RelatedActivityID=""></Correlation>
<Execution ProcessID="1088" ThreadID="2700"></Execution>
<Channel>Security</Channel>
<Computer>DESKTOP-N69PNEU</Computer>
<Security UserID=""></Security>
</System>
<EventData><Data Name="SubjectUserSid">S-1-5-19</Data>
<Data Name="SubjectUserName">US&#321;UGA LOKALNA</Data>
<Data Name="SubjectDomainName">ZARZ&#260;DZANIE NT</Data>
<Data Name="SubjectLogonId">0x00000000000003e5</Data>
<Data Name="ClientProcessId">4840</Data>
<Data Name="ClientCreationTime">2022-12-14 18:36:19.717480</Data>
<Data Name="ProviderName">Microsoft Software Key Storage Provider</Data>
<Data Name="AlgorithmName">RSA</Data>
<Data Name="KeyName">{4D2FA6AC-8F29-421D-8064-02EB30CD3727}</Data>
<Data Name="KeyType">%%2500</Data>
<Data Name="Operation">%%2464</Data>
<Data Name="ReturnCode">0x00000000</Data>
</EventData>
</Event>
<Event xmlns="http://schemas.microsoft.com/win/2004/08/events/event"><System><Provider Name="Microsoft-Windows-Security-Auditing" Guid="{54849625-5478-4994-a5ba-3e3b0328c30d}"></Provider>
<EventID Qualifiers="">5059</EventID>
<Version>1</Version>
<Level>0</Level>
<Task>12292</Task>
<Opcode>0</Opcode>
<Keywords>0x8020000000000000</Keywords>
<TimeCreated SystemTime="2023-01-03 11:12:00.195925"></TimeCreated>
<EventRecordID>301244</EventRecordID>
<Correlation ActivityID="{deb1f6ff-0fea-0001-a6f7-b1deea0fd901}" RelatedActivityID=""></Correlation>
<Execution ProcessID="1088" ThreadID="2700"></Execution>
<Channel>Security</Channel>
<Computer>DESKTOP-N69PNEU</Computer>
<Security UserID=""></Security>
</System>
<EventData><Data Name="SubjectUserSid">S-1-5-19</Data>
<Data Name="SubjectUserName">US&#321;UGA LOKALNA</Data>
<Data Name="SubjectDomainName">ZARZ&#260;DZANIE NT</Data>
<Data Name="SubjectLogonId">0x00000000000003e5</Data>
<Data Name="ClientProcessId">4840</Data>
<Data Name="ClientCreationTime">2022-12-14 18:36:19.717480</Data>
<Data Name="ProviderName">Microsoft Software Key Storage Provider</Data>
<Data Name="AlgorithmName">RSA</Data>
<Data Name="KeyName">{4D2FA6AC-8F29-421D-8064-02EB30CD3727}</Data>
<Data Name="KeyType">%%2500</Data>
<Data Name="Operation">%%2464</Data>
<Data Name="ReturnCode">0x00000000</Data>
</EventData>
</Event>
<Event xmlns="http://schemas.microsoft.com/win/2004/08/events/event"><System><Provider Name="Microsoft-Windows-Security-Auditing" Guid="{54849625-5478-4994-a5ba-3e3b0328c30d}"></Provider>
<EventID Qualifiers="">4625</EventID>
<Version>0</Version>
<Level>0</Level>
<Task>12544</Task>
<Opcode>0</Opcode>
<Keywords>0x8010000000000000</Keywords>
<TimeCreated SystemTime="2023-01-03 11:12:00.206745"></TimeCreated>
<EventRecordID>301245</EventRecordID>
<Correlation ActivityID="{deb1f6ff-0fea-0001-a6f7-b1deea0fd901}" RelatedActivityID=""></Correlation>
<Execution ProcessID="1088" ThreadID="12632"></Execution>
<Channel>Security</Channel>
<Computer>DESKTOP-N69PNEU</Computer>
<Security UserID=""></Security>
</System>
<EventData><Data Name="SubjectUserSid">S-1-5-18</Data>
<Data Name="SubjectUserName">DESKTOP-N69PNEU$</Data>
<Data Name="SubjectDomainName">WORKGROUP</Data>
<Data Name="SubjectLogonId">0x00000000000003e7</Data>
<Data Name="TargetUserSid">S-1-0-0</Data>
<Data Name="TargetUserName">-</Data>
<Data Name="TargetDomainName">-</Data>
<Data Name="Status">0xc000006d</Data>
<Data Name="FailureReason">%%2304</Data>
<Data Name="SubStatus">0xc0000380</Data>
<Data Name="LogonType">2</Data>
<Data Name="LogonProcessName">User32 </Data>
<Data Name="AuthenticationPackageName">Negotiate</Data>
<Data Name="WorkstationName">-</Data>
<Data Name="TransmittedServices">-</Data>
<Data Name="LmPackageName">-</Data>
<Data Name="KeyLength">0</Data>
<Data Name="ProcessId">0x000000000000087c</Data>
<Data Name="ProcessName">C:\Windows\System32\svchost.exe</Data>
<Data Name="IpAddress">127.0.0.1</Data>
<Data Name="IpPort">0</Data>
</EventData>
</Event>
<Event xmlns="http://schemas.microsoft.com/win/2004/08/events/event"><System><Provider Name="Microsoft-Windows-Security-Auditing" Guid="{54849625-5478-4994-a5ba-3e3b0328c30d}"></Provider>
<EventID Qualifiers="">5059</EventID>
<Version>1</Version>
<Level>0</Level>
<Task>12292</Task>
<Opcode>0</Opcode>
<Keywords>0x8020000000000000</Keywords>
<TimeCreated SystemTime="2023-01-03 11:12:02.408535"></TimeCreated>
<EventRecordID>301246</EventRecordID>
<Correlation ActivityID="{deb1f6ff-0fea-0001-a6f7-b1deea0fd901}" RelatedActivityID=""></Correlation>
<Execution ProcessID="1088" ThreadID="2700"></Execution>
<Channel>Security</Channel>
<Computer>DESKTOP-N69PNEU</Computer>
<Security UserID=""></Security>
</System>
<EventData><Data Name="SubjectUserSid">S-1-5-19</Data>
<Data Name="SubjectUserName">US&#321;UGA LOKALNA</Data>
<Data Name="SubjectDomainName">ZARZ&#260;DZANIE NT</Data>
<Data Name="SubjectLogonId">0x00000000000003e5</Data>
<Data Name="ClientProcessId">4840</Data>
<Data Name="ClientCreationTime">2022-12-14 18:36:19.717480</Data>
<Data Name="ProviderName">Microsoft Software Key Storage Provider</Data>
<Data Name="AlgorithmName">RSA</Data>
<Data Name="KeyName">{4D2FA6AC-8F29-421D-8064-02EB30CD3727}</Data>
<Data Name="KeyType">%%2500</Data>
<Data Name="Operation">%%2464</Data>
<Data Name="ReturnCode">0x00000000</Data>
</EventData>
</Event>
<Event xmlns="http://schemas.microsoft.com/win/2004/08/events/event"><System><Provider Name="Microsoft-Windows-Security-Auditing" Guid="{54849625-5478-4994-a5ba-3e3b0328c30d}"></Provider>
<EventID Qualifiers="">5059</EventID>
<Version>1</Version>
<Level>0</Level>
<Task>12292</Task>
<Opcode>0</Opcode>
<Keywords>0x8020000000000000</Keywords>
<TimeCreated SystemTime="2023-01-03 11:12:02.410374"></TimeCreated>
<EventRecordID>301247</EventRecordID>
<Correlation ActivityID="{deb1f6ff-0fea-0001-a6f7-b1deea0fd901}" RelatedActivityID=""></Correlation>
<Execution ProcessID="1088" ThreadID="2700"></Execution>
<Channel>Security</Channel>
<Computer>DESKTOP-N69PNEU</Computer>
<Security UserID=""></Security>
</System>
<EventData><Data Name="SubjectUserSid">S-1-5-19</Data>
<Data Name="SubjectUserName">US&#321;UGA LOKALNA</Data>
<Data Name="SubjectDomainName">ZARZ&#260;DZANIE NT</Data>
<Data Name="SubjectLogonId">0x00000000000003e5</Data>
<Data Name="ClientProcessId">4840</Data>
<Data Name="ClientCreationTime">2022-12-14 18:36:19.717480</Data>
<Data Name="ProviderName">Microsoft Software Key Storage Provider</Data>
<Data Name="AlgorithmName">RSA</Data>
<Data Name="KeyName">{4D2FA6AC-8F29-421D-8064-02EB30CD3727}</Data>
<Data Name="KeyType">%%2500</Data>
<Data Name="Operation">%%2464</Data>
<Data Name="ReturnCode">0x00000000</Data>
</EventData>
</Event>
<Event xmlns="http://schemas.microsoft.com/win/2004/08/events/event"><System><Provider Name="Microsoft-Windows-Security-Auditing" Guid="{54849625-5478-4994-a5ba-3e3b0328c30d}"></Provider>
<EventID Qualifiers="">4625</EventID>
<Version>0</Version>
<Level>0</Level>
<Task>12544</Task>
<Opcode>0</Opcode>
<Keywords>0x8010000000000000</Keywords>
<TimeCreated SystemTime="2023-01-03 11:12:02.419529"></TimeCreated>
<EventRecordID>301248</EventRecordID>
<Correlation ActivityID="{deb1f6ff-0fea-0001-a6f7-b1deea0fd901}" RelatedActivityID=""></Correlation>
<Execution ProcessID="1088" ThreadID="12632"></Execution>
<Channel>Security</Channel>
<Computer>DESKTOP-N69PNEU</Computer>
<Security UserID=""></Security>
</System>
<EventData><Data Name="SubjectUserSid">S-1-5-18</Data>
<Data Name="SubjectUserName">DESKTOP-N69PNEU$</Data>
<Data Name="SubjectDomainName">WORKGROUP</Data>
<Data Name="SubjectLogonId">0x00000000000003e7</Data>
<Data Name="TargetUserSid">S-1-0-0</Data>
<Data Name="TargetUserName">-</Data>
<Data Name="TargetDomainName">-</Data>
<Data Name="Status">0xc000006d</Data>
<Data Name="FailureReason">%%2304</Data>
<Data Name="SubStatus">0xc0000380</Data>
<Data Name="LogonType">2</Data>
<Data Name="LogonProcessName">User32 </Data>
<Data Name="AuthenticationPackageName">Negotiate</Data>
<Data Name="WorkstationName">-</Data>
<Data Name="TransmittedServices">-</Data>
<Data Name="LmPackageName">-</Data>
<Data Name="KeyLength">0</Data>
<Data Name="ProcessId">0x000000000000087c</Data>
<Data Name="ProcessName">C:\Windows\System32\svchost.exe</Data>
<Data Name="IpAddress">127.0.0.1</Data>
<Data Name="IpPort">0</Data>
</EventData>
</Event>
<Event xmlns="http://schemas.microsoft.com/win/2004/08/events/event"><System><Provider Name="Microsoft-Windows-Security-Auditing" Guid="{54849625-5478-4994-a5ba-3e3b0328c30d}"></Provider>
<EventID Qualifiers="">5059</EventID>
<Version>1</Version>
<Level>0</Level>
<Task>12292</Task>
<Opcode>0</Opcode>
<Keywords>0x8020000000000000</Keywords>
<TimeCreated SystemTime="2023-01-03 11:12:04.865713"></TimeCreated>
<EventRecordID>301249</EventRecordID>
<Correlation ActivityID="{deb1f6ff-0fea-0001-a6f7-b1deea0fd901}" RelatedActivityID=""></Correlation>
<Execution ProcessID="1088" ThreadID="2700"></Execution>
<Channel>Security</Channel>
<Computer>DESKTOP-N69PNEU</Computer>
<Security UserID=""></Security>
</System>
<EventData><Data Name="SubjectUserSid">S-1-5-19</Data>
<Data Name="SubjectUserName">US&#321;UGA LOKALNA</Data>
<Data Name="SubjectDomainName">ZARZ&#260;DZANIE NT</Data>
<Data Name="SubjectLogonId">0x00000000000003e5</Data>
<Data Name="ClientProcessId">4840</Data>
<Data Name="ClientCreationTime">2022-12-14 18:36:19.717480</Data>
<Data Name="ProviderName">Microsoft Software Key Storage Provider</Data>
<Data Name="AlgorithmName">RSA</Data>
<Data Name="KeyName">{4D2FA6AC-8F29-421D-8064-02EB30CD3727}</Data>
<Data Name="KeyType">%%2500</Data>
<Data Name="Operation">%%2464</Data>
<Data Name="ReturnCode">0x00000000</Data>
</EventData>
</Event>
<Event xmlns="http://schemas.microsoft.com/win/2004/08/events/event"><System><Provider Name="Microsoft-Windows-Security-Auditing" Guid="{54849625-5478-4994-a5ba-3e3b0328c30d}"></Provider>
<EventID Qualifiers="">5059</EventID>
<Version>1</Version>
<Level>0</Level>
<Task>12292</Task>
<Opcode>0</Opcode>
<Keywords>0x8020000000000000</Keywords>
<TimeCreated SystemTime="2023-01-03 11:12:04.867672"></TimeCreated>
<EventRecordID>301250</EventRecordID>
<Correlation ActivityID="{deb1f6ff-0fea-0001-a6f7-b1deea0fd901}" RelatedActivityID=""></Correlation>
<Execution ProcessID="1088" ThreadID="2700"></Execution>
<Channel>Security</Channel>
<Computer>DESKTOP-N69PNEU</Computer>
<Security UserID=""></Security>
</System>
<EventData><Data Name="SubjectUserSid">S-1-5-19</Data>
<Data Name="SubjectUserName">US&#321;UGA LOKALNA</Data>
<Data Name="SubjectDomainName">ZARZ&#260;DZANIE NT</Data>
<Data Name="SubjectLogonId">0x00000000000003e5</Data>
<Data Name="ClientProcessId">4840</Data>
<Data Name="ClientCreationTime">2022-12-14 18:36:19.717480</Data>
<Data Name="ProviderName">Microsoft Software Key Storage Provider</Data>
<Data Name="AlgorithmName">RSA</Data>
<Data Name="KeyName">{4D2FA6AC-8F29-421D-8064-02EB30CD3727}</Data>
<Data Name="KeyType">%%2500</Data>
<Data Name="Operation">%%2464</Data>
<Data Name="ReturnCode">0x00000000</Data>
</EventData>
</Event>
